<?xml version="1.0" encoding="UTF-8"?>
<testsuite name="com.csc.TestOakTree" tests="1" skipped="0" failures="0" errors="0" timestamp="2024-12-12T03:03:09" hostname="Bens-Air.attlocal.net" time="0.009">
  <properties/>
  <testcase name="itWorks()" classname="com.csc.TestOakTree" time="0.009"/>
  <system-out><![CDATA[]]></system-out>
  <system-err><![CDATA[]]></system-err>
</testsuite>
